[2024-02-06 11:42:47] local.ERROR: Uncaught InvalidArgumentException: Please provide a valid cache path. in /Users/ztlab79/Desktop/Assignment/task-assigment-new/vendor/laravel/framework/src/Illuminate/View/Compilers/Compiler.php:67
Stack trace:
#0 /Users/ztlab79/Desktop/Assignment/task-assigment-new/vendor/laravel/framework/src/Illuminate/View/ViewServiceProvider.php(96): Illuminate\View\Compilers\Compiler->__construct(Object(Illuminate\Filesystem\Filesystem), false, '', true, 'php')
#1 /Users/ztlab79/Desktop/Assignment/task-assigment-new/vendor/laravel/framework/src/Illuminate/Container/Container.php(908): Illuminate\View\ViewServiceProvider->Illuminate\View\{closure}(Object(Illuminate\Foundation\Application), Array)
#2 /Users/ztlab79/Desktop/Assignment/task-assigment-new/vendor/laravel/framework/src/Illuminate/Container/Container.php(795): Illuminate\Container\Container->build(Object(Closure))
#3 /Users/ztlab79/Desktop/Assignment/task-assigment-new/vendor/laravel/framework/src/Illuminate/Foundation/Application.php(957): Illuminate\Container\Container->resolve('blade.compiler', Array, true)
#4 /Users/ztlab79/Desktop/Assignment/task-assigment-new/vendor/laravel/framework/src/Illuminate/Container/Container.php(731): Illuminate\Foundation\Application->resolve('blade.compiler', Array)
#5 /Users/ztlab79/Desktop/Assignment/task-assigment-new/vendor/laravel/framework/src/Illuminate/Foundation/Application.php(942): Illuminate\Container\Container->make('blade.compiler', Array)
#6 /Users/ztlab79/Desktop/Assignment/task-assigment-new/vendor/laravel/framework/src/Illuminate/Foundation/helpers.php(120): Illuminate\Foundation\Application->make('blade.compiler', Array)
#7 Command line code(1): app('Illuminate\\View...')
#8 {main}
  thrown {"exception":"[object] (Symfony\\Component\\ErrorHandler\\Error\\FatalError(code: 0): Uncaught InvalidArgumentException: Please provide a valid cache path. in /Users/ztlab79/Desktop/Assignment/task-assigment-new/vendor/laravel/framework/src/Illuminate/View/Compilers/Compiler.php:67
Stack trace:
#0 /Users/ztlab79/Desktop/Assignment/task-assigment-new/vendor/laravel/framework/src/Illuminate/View/ViewServiceProvider.php(96): Illuminate\\View\\Compilers\\Compiler->__construct(Object(Illuminate\\Filesystem\\Filesystem), false, '', true, 'php')
#1 /Users/ztlab79/Desktop/Assignment/task-assigment-new/vendor/laravel/framework/src/Illuminate/Container/Container.php(908): Illuminate\\View\\ViewServiceProvider->Illuminate\\View\\{closure}(Object(Illuminate\\Foundation\\Application), Array)
#2 /Users/ztlab79/Desktop/Assignment/task-assigment-new/vendor/laravel/framework/src/Illuminate/Container/Container.php(795): Illuminate\\Container\\Container->build(Object(Closure))
#3 /Users/ztlab79/Desktop/Assignment/task-assigment-new/vendor/laravel/framework/src/Illuminate/Foundation/Application.php(957): Illuminate\\Container\\Container->resolve('blade.compiler', Array, true)
#4 /Users/ztlab79/Desktop/Assignment/task-assigment-new/vendor/laravel/framework/src/Illuminate/Container/Container.php(731): Illuminate\\Foundation\\Application->resolve('blade.compiler', Array)
#5 /Users/ztlab79/Desktop/Assignment/task-assigment-new/vendor/laravel/framework/src/Illuminate/Foundation/Application.php(942): Illuminate\\Container\\Container->make('blade.compiler', Array)
#6 /Users/ztlab79/Desktop/Assignment/task-assigment-new/vendor/laravel/framework/src/Illuminate/Foundation/helpers.php(120): Illuminate\\Foundation\\Application->make('blade.compiler', Array)
#7 Command line code(1): app('Illuminate\\\\View...')
#8 {main}
  thrown at /Users/ztlab79/Desktop/Assignment/task-assigment-new/vendor/laravel/framework/src/Illuminate/View/Compilers/Compiler.php:67)
[stacktrace]
#0 {main}
"} 
